C51 COMPILER V9.54   MAIN                                                                  04/25/2022 23:32:55 PAGE 1   


C51 COMPILER V9.54, COMPILATION OF MODULE MAIN
OBJECT MODULE PLACED IN .\Objects\main.obj
COMPILER INVOKED BY: D:\soft\Keil\Keil\C51\BIN\C51.EXE ..\User\main.c OPTIMIZE(8,SPEED) BROWSE DEBUG OBJECTEXTEND PRINT(
                    -.\Listings\main.lst) TABS(2) OBJECT(.\Objects\main.obj)

line level    source

   1          /*
   2          *******************************************************************************
   3          *                     《手把手教你学51单片机(C语言版)》
   4          * 文件名：main.c
   5          * 描  述：第5章 例程代码
   6          * 版本号：v1.0.0
   7          * 备  注：点亮数码管
   8          *******************************************************************************
   9          */
  10          #include <reg52.h>
  11          
  12          sbit  ADDR0 = P1^0;
  13          sbit  ADDR1 = P1^1;
  14          sbit  ADDR2 = P1^2;
  15          sbit  ADDR3 = P1^3;
  16          sbit ENLED = P1^4;
  17          
  18          void main()
  19          {
  20   1        //执行语句
  21   1        ENLED = 0;  //使能U3（74HC138）
  22   1        ADDR3 = 1;  //数码管DS1由LEDS0控制，所以LEDS06要为低电平来导通Q17三极管
  23   1        ADDR2 = 0;
  24   1        ADDR1 = 0;
  25   1        ADDR0 = 0;
  26   1        P0 = 0xF9;  //点亮数码管段b和c
  27   1        while(1);
  28   1      }


MODULE INFORMATION:   STATIC OVERLAYABLE
   CODE SIZE        =     15    ----
   CONSTANT SIZE    =   ----    ----
   XDATA SIZE       =   ----    ----
   PDATA SIZE       =   ----    ----
   DATA SIZE        =   ----    ----
   IDATA SIZE       =   ----    ----
   BIT SIZE         =   ----    ----
END OF MODULE INFORMATION.


C51 COMPILATION COMPLETE.  0 WARNING(S),  0 ERROR(S)
