C51 COMPILER V9.54   MAIN                                                                  04/28/2022 00:46:39 PAGE 1   


C51 COMPILER V9.54, COMPILATION OF MODULE MAIN
OBJECT MODULE PLACED IN .\Objects\main.obj
COMPILER INVOKED BY: D:\soft\Keil\Keil\C51\BIN\C51.EXE ..\User\main.c OPTIMIZE(8,SPEED) BROWSE DEBUG OBJECTEXTEND PRINT(
                    -.\Listings\main.lst) TABS(2) OBJECT(.\Objects\main.obj)

line level    source

   1          /*
   2          *******************************************************************************
   3          *                     《手把手教你学51单片机(C语言版)》
   4          * 文件名：main.c
   5          * 描  述：第6章 课后练习
   6          * 版本号：v1.0.0
   7          * 备  注：动态数码管只显示有效位
   8          *******************************************************************************
   9          */
  10          #include <reg52.h>
  11          
  12          sbit ADDR0 = P1^0;
  13          sbit ADDR1 = P1^1;
  14          sbit ADDR2 = P1^2;
  15          sbit ADDR3 = P1^3;
  16          sbit ENLED = P1^4;
  17          
  18          //数码管显示字符真值表
  19          unsigned char code LEDChar[] = {
  20            0xC0, 0xF9, 0xA4, 0xB0, 0x99, 0x92, 0x82, 0xF8,
  21            0x80, 0x90, 0x88, 0x83, 0xC6, 0xA1, 0x86, 0x8E
  22          };
  23          //数码管显示缓冲区，初值0xFF确保启动时不亮
  24          unsigned char LEDBuff[6] = {
  25            0xFF, 0xFF, 0xFF, 0xFF, 0xFF, 0xFF
  26          };
  27          
  28          //由于中断函数也要用到，所以需要全局变量
  29          unsigned int cnt = 0; //记录T0中断次数，因为计数要1000所以需要用int
  30          unsigned char i = 0;  //动态扫描索引，也就是第i个数码管
  31          unsigned char flag1s = 0; //达到1s的标志
  32          
  33          void main()
  34          {
  35   1        //声明语句
  36   1        unsigned long sec = 0;  //经过的秒数
  37   1        unsigned char buff[6] = { //用于存取余后的数字，比较确定是否赋值给LEDBuff
  38   1        0, 0, 0, 0, 0, 0
  39   1        };
  40   1        char j = 5; //用于循环比较的数组脚标用
  41   1        //执行语句
  42   1        //数码管部分
  43   1        ENLED = 0;  //使能U3
  44   1        ADDR3 = 1;  //ADDR0-2不需要初始化，因为需要动态改变以达到点亮不同数码管的要求
  45   1        
  46   1        //中断部分
  47   1        EA = 1; //使能总中断
  48   1        ET0 = 1;  //使能定时器T0中断
  49   1        
  50   1        //定时器部分
  51   1        TMOD = 0x01;  //定时器T0设置为模式1
  52   1        TH0 = 0xFC;   //0xFC67为定时1ms
  53   1        TL0 = 0x67;
  54   1        TR0 = 1;    //启动T0
C51 COMPILER V9.54   MAIN                                                                  04/28/2022 00:46:39 PAGE 2   

  55   1        
  56   1        while(1){
  57   2          if(flag1s == 1) //T0溢出达到定时1ms
  58   2          {
  59   3            flag1s = 0;
  60   3            sec++;
  61   3            //将sec按十进制从低到高一次提取
  62   3            buff[0] = sec % 10;
  63   3            buff[1] = sec / 10 % 10;
  64   3            buff[2] = sec / 100 % 10;
  65   3            buff[3] = sec / 1000 % 10;
  66   3            buff[4] = sec / 10000 % 10;
  67   3            buff[5] = sec / 100000 % 10;
  68   3            
  69   3            //循环比较，如果不为0就赋值给数码管显示字符
  70   3            for(j = 5;j >= 0;j--)
  71   3            {
  72   4              if(buff[j] == 0)
  73   4              {
  74   5                LEDBuff[j] = 0xFF;
  75   5                
  76   5              }
  77   4              else
  78   4                break;  //检测到第一个非0的数值就跳出循环
  79   4            }
  80   3            for(;j >= 0;j--)
  81   3            {
  82   4              LEDBuff[j] = LEDChar[buff[j]];
  83   4            }
  84   3          }
  85   2        }
  86   1      }
  87          
  88          /*定时器T0的中断服务函数*/
  89          void InterruptTimer0() interrupt 1
  90          {
  91   1        TH0 = 0xFC; //定时器重新赋值
  92   1        TL0 = 0x67;
  93   1        cnt++;
  94   1        if(cnt >= 1000) //达到1秒
  95   1        {
  96   2          cnt = 0;
  97   2          flag1s = 1;
  98   2        }
  99   1        
 100   1        //每次1ms定时到了除了cnt要加1以外，还需要刷新数码管
 101   1        //以下代码为完成数码管动态扫描刷新
 102   1        P0 = 0xFF;  //消影，每次刷新前把数码管灭掉
 103   1        switch(i)
 104   1        {
 105   2          case 0 : ADDR2 = 0;ADDR1 = 0;ADDR0 = 0;i++;P0 = LEDBuff[0];break; //刷新第一个（个位）数码管
 106   2          case 1 : ADDR2 = 0;ADDR1 = 0;ADDR0 = 1;i++;P0 = LEDBuff[1];break; //刷新第二个（十位）数码管
 107   2          case 2 : ADDR2 = 0;ADDR1 = 1;ADDR0 = 0;i++;P0 = LEDBuff[2];break; //刷新第三个（百位）数码管
 108   2          case 3 : ADDR2 = 0;ADDR1 = 1;ADDR0 = 1;i++;P0 = LEDBuff[3];break; //刷新第四个（千位）数码管
 109   2          case 4 : ADDR2 = 1;ADDR1 = 0;ADDR0 = 0;i++;P0 = LEDBuff[4];break; //刷新第五个（万位）数码管
 110   2          case 5 : ADDR2 = 1;ADDR1 = 0;ADDR0 = 1;i = 0;P0 = LEDBuff[5];break; //刷新第六个（十万位）数
             -管
 111   2          default : break;
 112   2        }
 113   1      }


C51 COMPILER V9.54   MAIN                                                                  04/28/2022 00:46:39 PAGE 3   

MODULE INFORMATION:   STATIC OVERLAYABLE
   CODE SIZE        =    447    ----
   CONSTANT SIZE    =     22    ----
   XDATA SIZE       =   ----    ----
   PDATA SIZE       =   ----    ----
   DATA SIZE        =     10      10
   IDATA SIZE       =   ----    ----
   BIT SIZE         =   ----    ----
END OF MODULE INFORMATION.


C51 COMPILATION COMPLETE.  0 WARNING(S),  0 ERROR(S)
