C51 COMPILER V9.54   MAIN                                                                  04/29/2022 00:27:55 PAGE 1   


C51 COMPILER V9.54, COMPILATION OF MODULE MAIN
OBJECT MODULE PLACED IN .\Objects\main.obj
COMPILER INVOKED BY: D:\soft\Keil\Keil\C51\BIN\C51.EXE ..\User\main.c OPTIMIZE(8,SPEED) BROWSE DEBUG OBJECTEXTEND PRINT(
                    -.\Listings\main.lst) TABS(2) OBJECT(.\Objects\main.obj)

line level    source

   1          /*
   2          *******************************************************************************
   3          *                     《手把手教你学51单片机(C语言版)》
   4          * 文件名：main.c
   5          * 描  述：第7章 例程代码
   6          * 版本号：v1.0.0
   7          * 备  注：点阵LED
   8          *******************************************************************************
   9          */
  10          #include <reg52.h>
  11          
  12          sbit LED = P0^0;
  13          sbit ADDR0 = P1^0;
  14          sbit ADDR1 = P1^1;
  15          sbit ADDR2 = P1^2;
  16          sbit ADDR3 = P1^3;
  17          sbit ENLED = P1^4;
  18          
  19          void main()
  20          {
  21   1        ENLED = 0;  //使能U4的74HC138
  22   1        ADDR3 = 0;
  23   1        //点亮点阵的第一盏灯
  24   1        ADDR2 = 0;
  25   1        ADDR1 = 0;
  26   1        ADDR0 = 0;
  27   1        LED = 0;
  28   1        while(1);
  29   1      }


MODULE INFORMATION:   STATIC OVERLAYABLE
   CODE SIZE        =     14    ----
   CONSTANT SIZE    =   ----    ----
   XDATA SIZE       =   ----    ----
   PDATA SIZE       =   ----    ----
   DATA SIZE        =   ----    ----
   IDATA SIZE       =   ----    ----
   BIT SIZE         =   ----    ----
END OF MODULE INFORMATION.


C51 COMPILATION COMPLETE.  0 WARNING(S),  0 ERROR(S)
