C51 COMPILER V9.54   MAIN                                                                  04/30/2022 21:32:05 PAGE 1   


C51 COMPILER V9.54, COMPILATION OF MODULE MAIN
OBJECT MODULE PLACED IN .\Objects\main.obj
COMPILER INVOKED BY: D:\soft\Keil\Keil\C51\BIN\C51.EXE ..\User\main.c OPTIMIZE(8,SPEED) BROWSE DEBUG OBJECTEXTEND PRINT(
                    -.\Listings\main.lst) TABS(2) OBJECT(.\Objects\main.obj)

line level    source

   1          /*
   2          *******************************************************************************
   3          *                     《手把手教你学51单片机(C语言版)》
   4          * 文件名：main.c
   5          * 描  述：第7章 例程代码
   6          * 版本号：v1.0.0
   7          * 备  注：用点阵LED点亮爱心
   8          *******************************************************************************
   9          */
  10          #include <reg52.h>
  11          
  12          sbit ADDR0 = P1^0;
  13          sbit ADDR1 = P1^1;
  14          sbit ADDR2 = P1^2;
  15          sbit ADDR3 = P1^3;
  16          sbit ENLED = P1^4;
  17          
  18          unsigned char code image[] = {  //图片的字模表
  19              0xFF, 0x99, 0x00, 0x00, 0x00, 0x81, 0xC3, 0xE7
  20          };
  21          
  22          void main()
  23          {
  24   1        //执行语句
  25   1        //LED部分
  26   1        ENLED = 0;  //使能U4的74HC138
  27   1        ADDR3 = 0;
  28   1        //中断部分
  29   1        EA = 1;   //使能总中断
  30   1        ET0 = 1;  //使能定时器T0中断
  31   1        //定时器部分
  32   1        TMOD = 0x01;    //设置T0为模式1
  33   1          TH0 = 0xFC;     //T0初值赋0xFC67，定时1ms
  34   1          TL0 = 0x67;
  35   1          TR0 = 1;       //启动定时器T0
  36   1        //循环体
  37   1        while(1);
  38   1      }
  39          
  40          //中断函数
  41          void InterruptTimer0() interrupt 1
  42          {
  43   1          static unsigned char i = 0; //动态扫描索引
  44   1      
  45   1          TH0 = 0xFC; //重新加载初值
  46   1          TL0 = 0x67;
  47   1      
  48   1          //以下为动态刷新
  49   1          P0 = 0xFF;  //消隐
  50   1          switch(i)
  51   1          {
  52   2              case 0 :ADDR2 = 0;ADDR1 = 0;ADDR0 = 0;i++;P0 = image[0];break;
  53   2              case 1 :ADDR2 = 0;ADDR1 = 0;ADDR0 = 1;i++;P0 = image[1];break;
  54   2              case 2 :ADDR2 = 0;ADDR1 = 1;ADDR0 = 0;i++;P0 = image[2];break;
C51 COMPILER V9.54   MAIN                                                                  04/30/2022 21:32:05 PAGE 2   

  55   2              case 3 :ADDR2 = 0;ADDR1 = 1;ADDR0 = 1;i++;P0 = image[3];break;
  56   2              case 4 :ADDR2 = 1;ADDR1 = 0;ADDR0 = 0;i++;P0 = image[4];break;
  57   2              case 5 :ADDR2 = 1;ADDR1 = 0;ADDR0 = 1;i++;P0 = image[5];break;
  58   2              case 6 :ADDR2 = 1;ADDR1 = 1;ADDR0 = 0;i++;P0 = image[6];break;
  59   2              case 7 :ADDR2 = 1;ADDR1 = 1;ADDR0 = 1;i = 0;P0 = image[7];break;
  60   2              default :break;
  61   2          }
  62   1      }


MODULE INFORMATION:   STATIC OVERLAYABLE
   CODE SIZE        =    202    ----
   CONSTANT SIZE    =      8    ----
   XDATA SIZE       =   ----    ----
   PDATA SIZE       =   ----    ----
   DATA SIZE        =      1    ----
   IDATA SIZE       =   ----    ----
   BIT SIZE         =   ----    ----
END OF MODULE INFORMATION.


C51 COMPILATION COMPLETE.  0 WARNING(S),  0 ERROR(S)
