C51 COMPILER V9.54   MAIN                                                                  04/26/2022 00:20:35 PAGE 1   


C51 COMPILER V9.54, COMPILATION OF MODULE MAIN
OBJECT MODULE PLACED IN .\Objects\main.obj
COMPILER INVOKED BY: D:\soft\Keil\Keil\C51\BIN\C51.EXE ..\User\main.c OPTIMIZE(8,SPEED) BROWSE DEBUG OBJECTEXTEND PRINT(
                    -.\Listings\main.lst) TABS(2) OBJECT(.\Objects\main.obj)

line level    source

   1          /*
   2          *******************************************************************************
   3          *                     《手把手教你学51单片机(C语言版)》
   4          * 文件名：main.c
   5          * 描  述：第5章 课后练习
   6          * 版本号：v1.0.0
   7          * 备  注：利用定时器来显示F到1
   8          *******************************************************************************
   9          */
  10          #include <reg52.h>
  11          
  12          sbit ADDR0 = P1^0;
  13          sbit ADDR1 = P1^1;
  14          sbit ADDR2 = P1^2;
  15          sbit ADDR3 = P1^3;
  16          sbit ENLED = P1^4;
  17          
  18          //用数组来存储数码管的真值表，使用code将数据存到Flash中
  19          unsigned char code LEDChar[] = {
  20            0xC0, 0xF9, 0xA4, 0xB0, 0x99, 0x92, 0x82, 0xF8,
  21            0x80, 0x90, 0x88, 0x83, 0xC6, 0xA1, 0x86, 0x8E
  22          };
  23          
  24          void main()
  25          {
  26   1        //声明语句
  27   1        unsigned char cnt = 0;  //记录定时器T0溢出中断次数
  28   1        unsigned char sec = 16; //记录经过的秒数
  29   1        //执行语句
  30   1        ENLED = 0;  //使能U3（74HC138）
  31   1        ADDR3 = 1;  //使能LEDS0，让DS1所在的三极管Q17导通
  32   1        ADDR2 = 0;
  33   1        ADDR1 = 0;
  34   1        ADDR0 = 0;
  35   1        
  36   1        TMOD = 0x01;  //设置T0为工作模式1
  37   1        TH0 = 0xB8; //定时器0.02s
  38   1        TL0 = 0x00;
  39   1        TR0 = 1;  //启动T0
  40   1        while(1)
  41   1        {
  42   2          if(TF0 == 1)  //判断定时器是否溢出
  43   2          {
  44   3            TF0 = 0;  //定时器溢出后要清除标志（软件清零）
  45   3            TH0 = 0xB8; //定时器溢出会从0开始计，所以要重新赋值
  46   3            TL0 = 0x00;
  47   3            cnt++;
  48   3            if(cnt >= 50) //T0溢出50次就达到1秒了
  49   3            {
  50   4              cnt = 0;
  51   4              sec--;  //经过了1秒要减一
  52   4              P0 = LEDChar[sec];
  53   4              if(sec <= 0)  //如果秒数小于0，重新从16开始
  54   4              {
C51 COMPILER V9.54   MAIN                                                                  04/26/2022 00:20:35 PAGE 2   

  55   5                sec = 16;
  56   5              }
  57   4            }
  58   3          }
  59   2        }
  60   1      }


MODULE INFORMATION:   STATIC OVERLAYABLE
   CODE SIZE        =     62    ----
   CONSTANT SIZE    =     16    ----
   XDATA SIZE       =   ----    ----
   PDATA SIZE       =   ----    ----
   DATA SIZE        =   ----    ----
   IDATA SIZE       =   ----    ----
   BIT SIZE         =   ----    ----
END OF MODULE INFORMATION.


C51 COMPILATION COMPLETE.  0 WARNING(S),  0 ERROR(S)
