C51 COMPILER V9.54   MAIN                                                                  04/24/2022 00:55:19 PAGE 1   


C51 COMPILER V9.54, COMPILATION OF MODULE MAIN
OBJECT MODULE PLACED IN .\Objects\main.obj
COMPILER INVOKED BY: D:\soft\Keil\Keil\C51\BIN\C51.EXE ..\User\main.c OPTIMIZE(8,SPEED) BROWSE DEBUG OBJECTEXTEND PRINT(
                    -.\Listings\main.lst) TABS(2) OBJECT(.\Objects\main.obj)

line level    source

   1          #include <reg52.h>
   2          
   3          sbit LED2 = P0^0;
   4          sbit LED3 = P0^1;
   5          sbit LED4 = P0^2;
   6          sbit LED5 = P0^3;
   7          sbit LED6 = P0^4;
   8          sbit LED7 = P0^5;
   9          sbit LED8 = P0^6;
  10          sbit LED9 = P0^7;
  11          sbit ADDR0 = P1^0;
  12          sbit ADDR1 = P1^1;
  13          sbit ADDR2 = P1^2;
  14          sbit ADDR3 = P1^3;
  15          sbit ENLED = P1^4;
  16          
  17          void main()
  18          {
  19   1        unsigned int i = 0; //旧版本C语言需要在最上面定义变量
  20   1          
  21   1        //以下为执行语句
  22   1        ENLED = 0;        //使能U3（74HC138）的E1和E2
  23   1        ADDR3 = 1;        //使能U3（74HC138）的E3，使之能正常输出
  24   1        ADDR2 = 1;        //经U3的Y6输出来开启Q16三极管
  25   1        ADDR1 = 1;
  26   1        ADDR0 = 0;
  27   1        while(1)
  28   1        {
  29   2          LED2 = 0;                 //点亮所有小灯
  30   2          LED3 = 0;
  31   2          LED4 = 0;
  32   2          LED5 = 0;
  33   2          LED6 = 0;
  34   2          LED7 = 0;
  35   2          LED8 = 0;
  36   2          LED9 = 0;
  37   2          for(i = 0;i < 30000;i++); //延时一段时间
  38   2          
  39   2          LED2 = 1;                 //熄灭所有小灯
  40   2          LED3 = 1;
  41   2          LED4 = 1;
  42   2          LED5 = 1;
  43   2          LED6 = 1;
  44   2          LED7 = 1;
  45   2          LED8 = 1;
  46   2          LED9 = 1;
  47   2          for(i = 0;i < 30000;i++); //延时一段时间
  48   2        }
  49   1      }


MODULE INFORMATION:   STATIC OVERLAYABLE
   CODE SIZE        =     75    ----
   CONSTANT SIZE    =   ----    ----
C51 COMPILER V9.54   MAIN                                                                  04/24/2022 00:55:19 PAGE 2   

   XDATA SIZE       =   ----    ----
   PDATA SIZE       =   ----    ----
   DATA SIZE        =   ----    ----
   IDATA SIZE       =   ----    ----
   BIT SIZE         =   ----    ----
END OF MODULE INFORMATION.


C51 COMPILATION COMPLETE.  0 WARNING(S),  0 ERROR(S)
