C51 COMPILER V9.54   MAIN                                                                  05/01/2022 01:09:15 PAGE 1   


C51 COMPILER V9.54, COMPILATION OF MODULE MAIN
OBJECT MODULE PLACED IN .\Objects\main.obj
COMPILER INVOKED BY: D:\soft\Keil\Keil\C51\BIN\C51.EXE ..\User\main.c OPTIMIZE(8,SPEED) BROWSE DEBUG OBJECTEXTEND PRINT(
                    -.\Listings\main.lst) TABS(2) OBJECT(.\Objects\main.obj)

line level    source

   1          /*
   2          *******************************************************************************
   3          *                     《手把手教你学51单片机(C语言版)》
   4          * 文件名：main.c
   5          * 描  述：第7章 课后练习
   6          * 版本号：v1.0.0
   7          * 备  注：点亮所有LED包括LED小灯，数码管和点阵LED
   8          *******************************************************************************
   9          */
  10          #include <reg52.h>
  11          
  12          sbit ADDR0 = P1^0;
  13          sbit ADDR1 = P1^1;
  14          sbit ADDR2 = P1^2;
  15          sbit ADDR3 = P1^3;
  16          sbit ENLED = P1^4;
  17          
  18          //数码管
  19          unsigned char code LedChar[10] = {
  20            0xC0, 0xF9, 0xA4, 0xB0, 0x99, 0x92, 0x82, 0xF8,
  21            0x80, 0x90
  22          };
  23          
  24          //点阵
  25          unsigned char code image[10][8] = {
  26            {0xC3, 0x81, 0x99, 0x99, 0x99, 0x99, 0x81, 0xC3},  //数字0
  27            {0xEF, 0xE7, 0xE3, 0xE7, 0xE7, 0xE7, 0xE7, 0xC3},  //数字1
  28            {0xC3, 0x81, 0x9D, 0x87, 0xC3, 0xF9, 0xC1, 0x81},  //数字2
  29            {0xC3, 0x81, 0x9D, 0xC7, 0xC7, 0x9D, 0x81, 0xC3},  //数字3
  30            {0xCF, 0xC7, 0xC3, 0xC9, 0xC9, 0x81, 0xCF, 0xCF},  //数字4
  31            {0x81, 0xC1, 0xF9, 0xC3, 0x87, 0x9D, 0x81, 0xC3},  //数字5
  32            {0xC3, 0x81, 0xF9, 0xC1, 0x81, 0x99, 0x81, 0xC3},  //数字6
  33            {0x81, 0x81, 0x9F, 0xCF, 0xCF, 0xE7, 0xE7, 0xE7},  //数字7
  34            {0xC3, 0x81, 0x99, 0xC3, 0xC3, 0x99, 0x81, 0xC3},  //数字8
  35            {0xC3, 0x81, 0x99, 0x81, 0x83, 0x9F, 0x83, 0xC1},  //数字9
  36          };
  37          
  38          void main()
  39          {
  40   1        //声明语句
  41   1        //执行语句
  42   1        //LED部分
  43   1        ENLED = 0;
  44   1        //中断部分
  45   1        EA = 1;   //使能总中断
  46   1        ET0 = 1;  //使能定时器T0中断
  47   1        //定时器部分
  48   1        TMOD = 0x01;  //定时器T0模式1
  49   1        TH0 = 0xFC;   //赋初值延时1ms
  50   1        TL0 = 0x67;
  51   1        TR0 = 1;    //开始定时器
  52   1        //循环体
  53   1        while(1)
  54   1        {
C51 COMPILER V9.54   MAIN                                                                  05/01/2022 01:09:15 PAGE 2   

  55   2          
  56   2        }
  57   1      }
  58          
  59          //中断函数
  60          void InterruptTimer0() interrupt 1
  61          {
  62   1        //声明语句
  63   1        static unsigned char i = 0; //动态刷新索引
  64   1        static unsigned int sec = 0;  //记录秒数
  65   1        static unsigned char index = 0; //记录秒数显示画面的索引
  66   1        static unsigned char LED = 0xFF;  //控制点亮流水灯
  67   1        //执行语句
  68   1        TH0 = 0xFC;
  69   1        TL0 = 0x67;
  70   1        
  71   1        //动态刷新
  72   1        P0 = 0xFF;  //消影
  73   1        switch(i)
  74   1        {
  75   2          //数码管部分
  76   2          case 0: ADDR3 = 1; ADDR2 = 0; ADDR1 = 0; ADDR0 = 0; i++; P0 = LedChar[index]; break;
  77   2          case 1: ADDR3 = 1; ADDR2 = 0; ADDR1 = 0; ADDR0 = 1; i++; P0 = LedChar[index]; break;
  78   2          case 2: ADDR3 = 1; ADDR2 = 0; ADDR1 = 1; ADDR0 = 0; i++; P0 = LedChar[index]; break;
  79   2          case 3: ADDR3 = 1; ADDR2 = 0; ADDR1 = 1; ADDR0 = 1; i++; P0 = LedChar[index]; break;
  80   2          case 4: ADDR3 = 1; ADDR2 = 1; ADDR1 = 0; ADDR0 = 0; i++; P0 = LedChar[index]; break;
  81   2          case 5: ADDR3 = 1; ADDR2 = 1; ADDR1 = 0; ADDR0 = 1; i++; P0 = LedChar[index]; break;
  82   2          //点阵部分
  83   2          case 6: ADDR3 = 0; ADDR2 = 0; ADDR1 = 0; ADDR0 = 0; i++; P0 = image[index][0]; break;
  84   2          case 7: ADDR3 = 0; ADDR2 = 0; ADDR1 = 0; ADDR0 = 1; i++; P0 = image[index][1]; break;
  85   2          case 8: ADDR3 = 0; ADDR2 = 0; ADDR1 = 1; ADDR0 = 0; i++; P0 = image[index][2]; break;
  86   2          case 9: ADDR3 = 0; ADDR2 = 0; ADDR1 = 1; ADDR0 = 1; i++; P0 = image[index][3]; break;
  87   2          case 10: ADDR3 = 0; ADDR2 = 1; ADDR1 = 0; ADDR0 = 0; i++; P0 = image[index][4]; break;
  88   2          case 11: ADDR3 = 0; ADDR2 = 1; ADDR1 = 0; ADDR0 = 1; i++; P0 = image[index][5]; break;
  89   2          case 12: ADDR3 = 0; ADDR2 = 1; ADDR1 = 1; ADDR0 = 0; i++; P0 = image[index][6]; break;
  90   2          case 13: ADDR3 = 0; ADDR2 = 1; ADDR1 = 1; ADDR0 = 1; i++; P0 = image[index][7]; break;
  91   2          //LED部分
  92   2          case 14: ADDR3 = 1; ADDR2 = 1; ADDR1 = 1; ADDR0 = 0; i = 0; P0 = LED; break;
  93   2          default: break;
  94   2        }
  95   1        //记录数码管和点阵的秒数
  96   1        sec++;
  97   1        if(sec >= 1000) //达到1s
  98   1        {
  99   2          sec = 0;
 100   2          index++;
 101   2          if(index == 0)
 102   2          {
 103   3            LED = 0xFF;
 104   3          }
 105   2          else if(index == 9)
 106   2          {
 107   3            LED = 0x00;
 108   3          }
 109   2          else
 110   2          {
 111   3            LED = ~(0x01 << (index - 1));
 112   3          }
 113   2          if(index >= 10) //经过了所有显示的数字
 114   2          {
 115   3            index = 0;
 116   3          }
C51 COMPILER V9.54   MAIN                                                                  05/01/2022 01:09:15 PAGE 3   

 117   2        }
 118   1      }


MODULE INFORMATION:   STATIC OVERLAYABLE
   CODE SIZE        =    494    ----
   CONSTANT SIZE    =     90    ----
   XDATA SIZE       =   ----    ----
   PDATA SIZE       =   ----    ----
   DATA SIZE        =      5    ----
   IDATA SIZE       =   ----    ----
   BIT SIZE         =   ----    ----
END OF MODULE INFORMATION.


C51 COMPILATION COMPLETE.  0 WARNING(S),  0 ERROR(S)
