C51 COMPILER V9.54   MAIN                                                                  04/30/2022 21:44:01 PAGE 1   


C51 COMPILER V9.54, COMPILATION OF MODULE MAIN
OBJECT MODULE PLACED IN .\Objects\main.obj
COMPILER INVOKED BY: D:\soft\Keil\Keil\C51\BIN\C51.EXE ..\User\main.c OPTIMIZE(8,SPEED) BROWSE DEBUG OBJECTEXTEND PRINT(
                    -.\Listings\main.lst) TABS(2) OBJECT(.\Objects\main.obj)

line level    source

   1          /*
   2          *******************************************************************************
   3          *                     《手把手教你学51单片机(C语言版)》
   4          * 文件名：main.c
   5          * 描  述：第7章 课后练习
   6          * 版本号：v1.0.0
   7          * 备  注：向右点亮点阵LED
   8          *******************************************************************************
   9          */
  10          #include <reg52.h>
  11          
  12          sbit ADDR0 = P1^0;
  13          sbit ADDR1 = P1^1;
  14          sbit ADDR2 = P1^2;
  15          sbit ADDR3 = P1^3;
  16          sbit ENLED = P1^4;
  17          
  18          unsigned char code image[30][8] = {
  19              {0xFF,0xFF,0xFF,0xFF,0xFF,0xFF,0xFF,0xFF},    //动画帧1
  20              {0xFF,0xFE,0xFF,0xFF,0xFF,0xFF,0xFF,0xFE},    //动画帧2
  21              {0xFF,0xFC,0xFE,0xFE,0xFE,0xFE,0xFE,0xFC},    //动画帧3
  22              {0xFF,0xF8,0xFC,0xFC,0xFC,0xFC,0xFC,0xF8},    //动画帧4
  23              {0xFF,0xF0,0xF9,0xF9,0xF9,0xF9,0xF9,0xF0},    //动画帧5
  24              {0xFF,0xE1,0xF3,0xF3,0xF3,0xF3,0xF3,0xE1},    //动画帧6
  25              {0xFF,0xC3,0xE7,0xE7,0xE7,0xE7,0xE7,0xC3},    //动画帧7
  26              {0xFF,0x87,0xCE,0xCE,0xCE,0xCF,0xCF,0x87},    //动画帧8
  27              {0xFF,0x0E,0x9C,0x9C,0x9C,0x9E,0x9F,0x0F},    //动画帧9
  28              {0xFF,0x1C,0x38,0x38,0x38,0x3C,0x3E,0x1F},    //动画帧10
  29              {0xFF,0x39,0x70,0x70,0x70,0x78,0x7C,0x3E},    //动画帧11
  30              {0xFF,0x73,0xE0,0xE0,0xE0,0xF0,0xF8,0x7C},    //动画帧12
  31              {0xFF,0xE6,0xC0,0xC0,0xC0,0xE0,0xF0,0xF9},    //动画帧13
  32              {0xFF,0xCC,0x80,0x80,0x80,0xC0,0xE1,0xF3},    //动画帧14
  33              {0xFF,0x99,0x00,0x00,0x00,0x81,0xC3,0xE7},    //动画帧15
  34              {0xFF,0x33,0x01,0x01,0x01,0x03,0x87,0xCF},    //动画帧16
  35              {0xFF,0x67,0x03,0x03,0x03,0x07,0x0F,0x9F},    //动画帧17
  36              {0xFF,0xCE,0x06,0x06,0x06,0x0E,0x1E,0x3F},    //动画帧18
  37              {0xFF,0x9C,0x0C,0x0C,0x0C,0x1C,0x3C,0x7E},    //动画帧19
  38              {0xFF,0x39,0x19,0x19,0x19,0x39,0x78,0xFC},    //动画帧20
  39              {0xFF,0x73,0x33,0x33,0x33,0x73,0xF0,0xF8},    //动画帧21
  40              {0xFF,0xE6,0x66,0x66,0x66,0xE6,0xE0,0xF0},    //动画帧22
  41              {0xFF,0xCC,0xCC,0xCC,0xCC,0xCC,0xC0,0xE1},    //动画帧23
  42              {0xFF,0x99,0x99,0x99,0x99,0x99,0x81,0xC3},    //动画帧24
  43              {0xFF,0x33,0x33,0x33,0x33,0x33,0x03,0x87},    //动画帧25
  44              {0xFF,0x67,0x67,0x67,0x67,0x67,0x07,0x0F},    //动画帧26
  45              {0xFF,0xCF,0xCF,0xCF,0xCF,0xCF,0x0F,0x1F},    //动画帧27
  46              {0xFF,0x9F,0x9F,0x9F,0x9F,0x9F,0x1F,0x3F},    //动画帧28
  47              {0xFF,0x3F,0x3F,0x3F,0x3F,0x3F,0x3F,0x7F},    //动画帧29
  48              {0xFF,0x7F,0x7F,0x7F,0x7F,0x7F,0x7F,0xFF},    //动画帧30
  49          };
  50          
  51          void main()
  52          {
  53   1          //执行语句
  54   1          //LED部分
C51 COMPILER V9.54   MAIN                                                                  04/30/2022 21:44:01 PAGE 2   

  55   1          ENLED = 0;  //使能U4的74HC138
  56   1          ADDR3 = 0;
  57   1          //中断部分
  58   1          EA = 1;     //使能总中断
  59   1          ET0 = 1;    //使能定时器0中断
  60   1          //定时器部分
  61   1          TMOD = 0x01;    //设置T0为模式1
  62   1          TH0 = 0xFC;     //T0初值赋0xFC67，定时1ms
  63   1          TL0 = 0x67;
  64   1          TR0 = 1;       //启动定时器T0
  65   1          //循环体
  66   1          while(1);
  67   1      }
  68          
  69          //中断函数
  70          void InterruptTimer0() interrupt 1
  71          {
  72   1          static unsigned char i = 0; //动态扫描索引
  73   1          static unsigned char tmr = 0;   //用于累加后延时250ms
  74   1          static unsigned char index = 0; //用于图片刷新
  75   1      
  76   1          TH0 = 0xFC; //重新加载初值
  77   1          TL0 = 0x67;
  78   1      
  79   1          //以下为动态刷新
  80   1          P0 = 0xFF;  //消隐
  81   1          switch(i)
  82   1          {
  83   2              case 0 :ADDR2 = 0;ADDR1 = 0;ADDR0 = 0;i++;P0 = image[index][0];break;
  84   2              case 1 :ADDR2 = 0;ADDR1 = 0;ADDR0 = 1;i++;P0 = image[index][1];break;
  85   2              case 2 :ADDR2 = 0;ADDR1 = 1;ADDR0 = 0;i++;P0 = image[index][2];break;
  86   2              case 3 :ADDR2 = 0;ADDR1 = 1;ADDR0 = 1;i++;P0 = image[index][3];break;
  87   2              case 4 :ADDR2 = 1;ADDR1 = 0;ADDR0 = 0;i++;P0 = image[index][4];break;
  88   2              case 5 :ADDR2 = 1;ADDR1 = 0;ADDR0 = 1;i++;P0 = image[index][5];break;
  89   2              case 6 :ADDR2 = 1;ADDR1 = 1;ADDR0 = 0;i++;P0 = image[index][6];break;
  90   2              case 7 :ADDR2 = 1;ADDR1 = 1;ADDR0 = 1;i = 0;P0 = image[index][7];break;
  91   2              default :break;
  92   2          }
  93   1      
  94   1          //定时器250ms用来切换图片
  95   1          tmr++;
  96   1          if(tmr >= 250)  //达到250ms切换图片
  97   1          {
  98   2              tmr = 0;
  99   2              index++;    //每250ms切换下一张图片
 100   2              if(index >= 30)
 101   2              {
 102   3                  index = 0;
 103   3              }
 104   2          }
 105   1      }


MODULE INFORMATION:   STATIC OVERLAYABLE
   CODE SIZE        =    313    ----
   CONSTANT SIZE    =    240    ----
   XDATA SIZE       =   ----    ----
   PDATA SIZE       =   ----    ----
   DATA SIZE        =      3    ----
   IDATA SIZE       =   ----    ----
   BIT SIZE         =   ----    ----
END OF MODULE INFORMATION.

C51 COMPILER V9.54   MAIN                                                                  04/30/2022 21:44:01 PAGE 3   


C51 COMPILATION COMPLETE.  0 WARNING(S),  0 ERROR(S)
