C51 COMPILER V9.54   MAIN                                                                  04/24/2022 00:58:54 PAGE 1   


C51 COMPILER V9.54, COMPILATION OF MODULE MAIN
OBJECT MODULE PLACED IN .\Objects\main.obj
COMPILER INVOKED BY: D:\soft\Keil\Keil\C51\BIN\C51.EXE ..\User\main.c OPTIMIZE(8,SPEED) BROWSE DEBUG OBJECTEXTEND PRINT(
                    -.\Listings\main.lst) TABS(2) OBJECT(.\Objects\main.obj)

line level    source

   1          #include <reg52.h>
   2          
   3          sbit ADDR0 = P1^0;
   4          sbit ADDR1 = P1^1;
   5          sbit ADDR2 = P1^2;
   6          sbit ADDR3 = P1^3;
   7          sbit ENLED = P1^4;
   8          
   9          void main()
  10          {
  11   1        //以下为执行语句
  12   1        ENLED = 0;        //使能U3（74HC138）的E1和E2
  13   1        ADDR3 = 1;        //使能U3（74HC138）的E3，使之能正常输出
  14   1        ADDR2 = 1;        //经U3的Y6输出来开启Q16三极管
  15   1        ADDR1 = 1;
  16   1        ADDR0 = 0;
  17   1        P0 = 0xFE;        //向P0写入数据来控制LED小灯0xFE为1111 1110
  18   1        while(1);
  19   1      }


MODULE INFORMATION:   STATIC OVERLAYABLE
   CODE SIZE        =     15    ----
   CONSTANT SIZE    =   ----    ----
   XDATA SIZE       =   ----    ----
   PDATA SIZE       =   ----    ----
   DATA SIZE        =   ----    ----
   IDATA SIZE       =   ----    ----
   BIT SIZE         =   ----    ----
END OF MODULE INFORMATION.


C51 COMPILATION COMPLETE.  0 WARNING(S),  0 ERROR(S)
