C51 COMPILER V9.54   MAIN                                                                  04/24/2022 00:55:35 PAGE 1   


C51 COMPILER V9.54, COMPILATION OF MODULE MAIN
OBJECT MODULE PLACED IN .\Objects\main.obj
COMPILER INVOKED BY: D:\soft\Keil\Keil\C51\BIN\C51.EXE ..\User\main.c OPTIMIZE(8,SPEED) BROWSE DEBUG OBJECTEXTEND PRINT(
                    -.\Listings\main.lst) TABS(2) OBJECT(.\Objects\main.obj)

line level    source

   1          #include <reg52.h>
   2          
   3          sbit LED = P0^0;
   4          sbit ADDR0 = P1^0;
   5          sbit ADDR1 = P1^1;
   6          sbit ADDR2 = P1^2;
   7          sbit ADDR3 = P1^3;
   8          sbit ENLED = P1^4;
   9          
  10          void main()
  11          {
  12   1        unsigned int i = 0; //旧版本C语言需要在最上面定义变量
  13   1          
  14   1        //以下为执行语句
  15   1        ENLED = 0;        //使能U3（74HC138）的E1和E2
  16   1        ADDR3 = 1;        //使能U3（74HC138）的E3，使之能正常输出
  17   1        ADDR2 = 1;        //经U3的Y6输出来开启Q16三极管
  18   1        ADDR1 = 1;
  19   1        ADDR0 = 0;
  20   1        while(1)
  21   1        {
  22   2          LED = 0;                  //点亮小灯
  23   2          for(i = 0;i < 30000;i++); //延时一段时间
  24   2          LED = 1;                  //熄灭小灯
  25   2          for(i = 0;i < 30000;i++); //延时一段时间
  26   2        }
  27   1      }


MODULE INFORMATION:   STATIC OVERLAYABLE
   CODE SIZE        =     47    ----
   CONSTANT SIZE    =   ----    ----
   XDATA SIZE       =   ----    ----
   PDATA SIZE       =   ----    ----
   DATA SIZE        =   ----    ----
   IDATA SIZE       =   ----    ----
   BIT SIZE         =   ----    ----
END OF MODULE INFORMATION.


C51 COMPILATION COMPLETE.  0 WARNING(S),  0 ERROR(S)
