C51 COMPILER V9.54   MAIN                                                                  04/27/2022 00:07:13 PAGE 1   


C51 COMPILER V9.54, COMPILATION OF MODULE MAIN
OBJECT MODULE PLACED IN .\Objects\main.obj
COMPILER INVOKED BY: D:\soft\Keil\Keil\C51\BIN\C51.EXE ..\User\main.c OPTIMIZE(8,SPEED) BROWSE DEBUG OBJECTEXTEND PRINT(
                    -.\Listings\main.lst) TABS(2) OBJECT(.\Objects\main.obj)

line level    source

   1          /*
   2          *******************************************************************************
   3          *                     《手把手教你学51单片机(C语言版)》
   4          * 文件名：main.c
   5          * 描  述：第6章 例程代码
   6          * 版本号：v1.0.0
   7          * 备  注：动态数码管
   8          *******************************************************************************
   9          */
  10          #include <reg52.h>
  11          
  12          sbit ADDR0 = P1^0;
  13          sbit ADDR1 = P1^1;
  14          sbit ADDR2 = P1^2;
  15          sbit ADDR3 = P1^3;
  16          sbit ENLED = P1^4;
  17          
  18          //数码管显示字符真值表
  19          unsigned char code LEDChar[] = {
  20            0xC0, 0xF9, 0xA4, 0xB0, 0x99, 0x92, 0x82, 0xF8,
  21            0x80, 0x90, 0x88, 0x83, 0xC6, 0xA1, 0x86, 0x8E
  22          };
  23          //数码管显示缓冲区，初值0xFF确保启动时不亮
  24          unsigned char LEDBuff[6] = {
  25            0xFF, 0xFF, 0xFF, 0xFF, 0xFF, 0xFF
  26          };
  27          
  28          void main()
  29          {
  30   1        //声明语句
  31   1        unsigned int cnt = 0; //记录T0中断次数，因为计数要1000所以需要用int
  32   1        unsigned char i = 0;  //动态扫描索引，也就是第i个数码管
  33   1        unsigned long sec = 0;  //经过的秒数
  34   1        //执行语句
  35   1        //数码管部分
  36   1        ENLED = 0;  //使能U3
  37   1        ADDR3 = 1;  //ADDR0-2不需要初始化，因为需要动态改变以达到点亮不同数码管的要求
  38   1        
  39   1        //定时器部分
  40   1        TMOD = 0x01;  //定时器T0设置为模式1
  41   1        TH0 = 0xFC;   //0xFC67为定时1ms
  42   1        TL0 = 0x67;
  43   1        TR0 = 1;    //启动T0
  44   1        
  45   1        while(1){
  46   2          if(TF0 == 1)  //T0溢出达到定时1ms
  47   2          {
  48   3            TF0 = 0;  //清除中断标志
  49   3            TH0 = 0xFC; //定时器重新赋值
  50   3            TL0 = 0x67;
  51   3            cnt++;
  52   3            if(cnt >= 1000) //达到1秒
  53   3            {
  54   4              cnt = 0;
C51 COMPILER V9.54   MAIN                                                                  04/27/2022 00:07:13 PAGE 2   

  55   4              sec++;
  56   4              //以下代码为将sec按十进制从低到高一次提取并转换为数码管显示字符
  57   4              LEDBuff[0] = LEDChar[sec % 10];
  58   4              LEDBuff[1] = LEDChar[sec / 10 % 10];
  59   4              LEDBuff[2] = LEDChar[sec / 100 % 10];
  60   4              LEDBuff[3] = LEDChar[sec / 1000 % 10];
  61   4              LEDBuff[4] = LEDChar[sec / 10000 % 10];
  62   4              LEDBuff[5] = LEDChar[sec / 100000 % 10];
  63   4            }
  64   3            
  65   3            //每次1ms定时到了除了cnt要加1以外，还需要刷新数码管
  66   3            //以下代码为完成数码管动态扫描刷新
  67   3            P0 = 0xFF;  //消影，每次刷新前把数码管灭掉
  68   3            if(i == 0)
  69   3            {ADDR2 = 0;ADDR1 = 0;ADDR0 = 0;i++;P0 = LEDBuff[0];}  //刷新第一个（个位）数码管
  70   3            else if(i == 1)
  71   3            {ADDR2 = 0;ADDR1 = 0;ADDR0 = 1;i++;P0 = LEDBuff[1];}  //刷新第二个（十位）数码管
  72   3            else if(i == 2)
  73   3            {ADDR2 = 0;ADDR1 = 1;ADDR0 = 0;i++;P0 = LEDBuff[2];}  //刷新第三个（百位）数码管
  74   3            else if(i == 3)
  75   3            {ADDR2 = 0;ADDR1 = 1;ADDR0 = 1;i++;P0 = LEDBuff[3];}  //刷新第四个（千位）数码管
  76   3            else if(i == 4)
  77   3            {ADDR2 = 1;ADDR1 = 0;ADDR0 = 0;i++;P0 = LEDBuff[4];}  //刷新第五个（万位）数码管
  78   3            else if(i == 5)
  79   3            {ADDR2 = 1;ADDR1 = 0;ADDR0 = 1;i = 0;P0 = LEDBuff[5];}  //刷新第六个（十万位）数码管
  80   3            
  81   3          }
  82   2        }
  83   1      }


MODULE INFORMATION:   STATIC OVERLAYABLE
   CODE SIZE        =    442    ----
   CONSTANT SIZE    =     16    ----
   XDATA SIZE       =   ----    ----
   PDATA SIZE       =   ----    ----
   DATA SIZE        =      6       7
   IDATA SIZE       =   ----    ----
   BIT SIZE         =   ----    ----
END OF MODULE INFORMATION.


C51 COMPILATION COMPLETE.  0 WARNING(S),  0 ERROR(S)
